<?xml version="1.0" encoding="UTF-8"?>
<testsuite name="com.pw.cucumberrunner.Cucumber_Main" tests="1" skipped="0" failures="1" errors="0" timestamp="2019-12-26T06:35:59" hostname="parvatha-varthni" time="513.412">
  <properties/>
  <testcase name="feature[0](ADD Sell order side tray validation)" classname="com.pw.cucumberrunner.Cucumber_Main" time="513.412">
    <failure message="cucumber.runtime.CucumberException: org.openqa.selenium.TimeoutException: Expected condition failed: waiting for element to be clickable: Proxy element for: DefaultElementLocator 'By.id: confirm-order-container' (tried for 120 second(s) with 500 milliseconds interval)" type="cucumber.runtime.CucumberException">cucumber.runtime.CucumberException: org.openqa.selenium.TimeoutException: Expected condition failed: waiting for element to be clickable: Proxy element for: DefaultElementLocator 'By.id: confirm-order-container' (tried for 120 second(s) with 500 milliseconds interval)
	at cucumber.api.testng.TestNGCucumberRunner.runCucumber(TestNGCucumberRunner.java:69)
	at cucumber.api.testng.AbstractTestNGCucumberTests.feature(AbstractTestNGCucumberTests.java:21)
	at sun.reflect.NativeMethodAccessorImpl.invoke0(Native Method)
	at sun.reflect.NativeMethodAccessorImpl.invoke(NativeMethodAccessorImpl.java:62)
	at sun.reflect.DelegatingMethodAccessorImpl.invoke(DelegatingMethodAccessorImpl.java:43)
	at java.lang.reflect.Method.invoke(Method.java:498)
	at org.testng.internal.MethodInvocationHelper.invokeMethod(MethodInvocationHelper.java:124)
	at org.testng.internal.Invoker.invokeMethod(Invoker.java:583)
	at org.testng.internal.Invoker.invokeTestMethod(Invoker.java:719)
	at org.testng.internal.Invoker.invokeTestMethods(Invoker.java:989)
	at org.testng.internal.TestMethodWorker.invokeTestMethods(TestMethodWorker.java:125)
	at org.testng.internal.TestMethodWorker.run(TestMethodWorker.java:109)
	at org.testng.TestRunner.privateRun(TestRunner.java:648)
	at org.testng.TestRunner.run(TestRunner.java:505)
	at org.testng.SuiteRunner.runTest(SuiteRunner.java:455)
	at org.testng.SuiteRunner.runSequentially(SuiteRunner.java:450)
	at org.testng.SuiteRunner.privateRun(SuiteRunner.java:415)
	at org.testng.SuiteRunner.run(SuiteRunner.java:364)
	at org.testng.SuiteRunnerWorker.runSuite(SuiteRunnerWorker.java:52)
	at org.testng.SuiteRunnerWorker.run(SuiteRunnerWorker.java:84)
	at org.testng.TestNG.runSuitesSequentially(TestNG.java:1208)
	at org.testng.TestNG.runSuitesLocally(TestNG.java:1137)
	at org.testng.TestNG.runSuites(TestNG.java:1049)
	at org.testng.TestNG.run(TestNG.java:1017)
	at org.gradle.api.internal.tasks.testing.testng.TestNGTestClassProcessor.runTests(TestNGTestClassProcessor.java:140)
	at org.gradle.api.internal.tasks.testing.testng.TestNGTestClassProcessor.stop(TestNGTestClassProcessor.java:89)
	at org.gradle.api.internal.tasks.testing.SuiteTestClassProcessor.stop(SuiteTestClassProcessor.java:61)
	at sun.reflect.NativeMethodAccessorImpl.invoke0(Native Method)
	at sun.reflect.NativeMethodAccessorImpl.invoke(NativeMethodAccessorImpl.java:62)
	at sun.reflect.DelegatingMethodAccessorImpl.invoke(DelegatingMethodAccessorImpl.java:43)
	at java.lang.reflect.Method.invoke(Method.java:498)
	at org.gradle.internal.dispatch.ReflectionDispatch.dispatch(ReflectionDispatch.java:35)
	at org.gradle.internal.dispatch.ReflectionDispatch.dispatch(ReflectionDispatch.java:24)
	at org.gradle.internal.dispatch.ContextClassLoaderDispatch.dispatch(ContextClassLoaderDispatch.java:32)
	at org.gradle.internal.dispatch.ProxyDispatchAdapter$DispatchingInvocationHandler.invoke(ProxyDispatchAdapter.java:93)
	at com.sun.proxy.$Proxy2.stop(Unknown Source)
	at org.gradle.api.internal.tasks.testing.worker.TestWorker.stop(TestWorker.java:132)
	at sun.reflect.NativeMethodAccessorImpl.invoke0(Native Method)
	at sun.reflect.NativeMethodAccessorImpl.invoke(NativeMethodAccessorImpl.java:62)
	at sun.reflect.DelegatingMethodAccessorImpl.invoke(DelegatingMethodAccessorImpl.java:43)
	at java.lang.reflect.Method.invoke(Method.java:498)
	at org.gradle.internal.dispatch.ReflectionDispatch.dispatch(ReflectionDispatch.java:35)
	at org.gradle.internal.dispatch.ReflectionDispatch.dispatch(ReflectionDispatch.java:24)
	at org.gradle.internal.remote.internal.hub.MessageHubBackedObjectConnection$DispatchWrapper.dispatch(MessageHubBackedObjectConnection.java:175)
	at org.gradle.internal.remote.internal.hub.MessageHubBackedObjectConnection$DispatchWrapper.dispatch(MessageHubBackedObjectConnection.java:157)
	at org.gradle.internal.remote.internal.hub.MessageHub$Handler.run(MessageHub.java:404)
	at org.gradle.internal.concurrent.ExecutorPolicy$CatchAndRecordFailures.onExecute(ExecutorPolicy.java:63)
	at org.gradle.internal.concurrent.ManagedExecutorImpl$1.run(ManagedExecutorImpl.java:46)
	at java.util.concurrent.ThreadPoolExecutor.runWorker(ThreadPoolExecutor.java:1149)
	at java.util.concurrent.ThreadPoolExecutor$Worker.run(ThreadPoolExecutor.java:624)
	at org.gradle.internal.concurrent.ThreadFactoryImpl$ManagedThreadRunnable.run(ThreadFactoryImpl.java:55)
	at java.lang.Thread.run(Thread.java:748)
Caused by: org.openqa.selenium.TimeoutException: Expected condition failed: waiting for element to be clickable: Proxy element for: DefaultElementLocator 'By.id: confirm-order-container' (tried for 120 second(s) with 500 milliseconds interval)
	at org.openqa.selenium.support.ui.WebDriverWait.timeoutException(WebDriverWait.java:95)
	at org.openqa.selenium.support.ui.FluentWait.until(FluentWait.java:272)
	at com.pw.publicLib.UIHandler_2.wait_until_clickable(UIHandler_2.java:1856)
	at com.pw.publicLib.UIHandler_2.valdiate_order_confirmation(UIHandler_2.java:1829)
	at com.pw.pw_screens.Add_sell_order.order_should_be_submitted(Add_sell_order.java:587)
	at ✽.Then Order should be submitted(Features/Side_tray_add_sell_order.feature:201)
Caused by: org.openqa.selenium.NoSuchElementException: no such element: Unable to locate element: {&quot;method&quot;:&quot;id&quot;,&quot;selector&quot;:&quot;confirm-order-container&quot;}
  (Session info: chrome=72.0.3626.81)
  (Driver info: chromedriver=2.46.628388 (4a34a70827ac54148e092aafb70504c4ea7ae926),platform=Linux 4.15.0-66-generic x86_64) (WARNING: The server did not provide any stacktrace information)
Command duration or timeout: 0 milliseconds
For documentation on this error, please visit: https://www.seleniumhq.org/exceptions/no_such_element.html
Build info: version: '3.141.59', revision: 'e82be7d358', time: '2018-11-14T08:17:03'
System info: host: 'parvatha-varthni', ip: '192.168.43.4', os.name: 'Linux', os.arch: 'amd64', os.version: '4.15.0-66-generic', java.version: '1.8.0_222'
Driver info: org.openqa.selenium.chrome.ChromeDriver
Capabilities {acceptInsecureCerts: false, acceptSslCerts: false, applicationCacheEnabled: false, browserConnectionEnabled: false, browserName: chrome, chrome: {chromedriverVersion: 2.46.628388 (4a34a70827ac54..., userDataDir: /tmp/.org.chromium.Chromium...}, cssSelectorsEnabled: true, databaseEnabled: false, goog:chromeOptions: {debuggerAddress: localhost:39059}, handlesAlerts: true, hasTouchScreen: false, javascriptEnabled: true, locationContextEnabled: true, mobileEmulationEnabled: false, nativeEvents: true, networkConnectionEnabled: false, pageLoadStrategy: normal, platform: LINUX, platformName: LINUX, proxy: Proxy(), rotatable: false, setWindowRect: true, strictFileInteractability: false, takesHeapSnapshot: true, takesScreenshot: true, timeouts: {implicit: 0, pageLoad: 300000, script: 30000}, unexpectedAlertBehaviour: ignore, unhandledPromptBehavior: ignore, version: 72.0.3626.81, webStorageEnabled: true}
Session ID: ffa481387124486a588d5f0b7337d50b
*** Element info: {Using=id, value=confirm-order-container}
	at sun.reflect.GeneratedConstructorAccessor17.newInstance(Unknown Source)
	at sun.reflect.DelegatingConstructorAccessorImpl.newInstance(DelegatingConstructorAccessorImpl.java:45)
	at java.lang.reflect.Constructor.newInstance(Constructor.java:423)
	at org.openqa.selenium.remote.ErrorHandler.createThrowable(ErrorHandler.java:214)
	at org.openqa.selenium.remote.ErrorHandler.throwIfResponseFailed(ErrorHandler.java:166)
	at org.openqa.selenium.remote.http.JsonHttpResponseCodec.reconstructValue(JsonHttpResponseCodec.java:40)
	at org.openqa.selenium.remote.http.AbstractHttpResponseCodec.decode(AbstractHttpResponseCodec.java:80)
	at org.openqa.selenium.remote.http.AbstractHttpResponseCodec.decode(AbstractHttpResponseCodec.java:44)
	at org.openqa.selenium.remote.HttpCommandExecutor.execute(HttpCommandExecutor.java:158)
	at org.openqa.selenium.remote.service.DriverCommandExecutor.execute(DriverCommandExecutor.java:83)
	at org.openqa.selenium.remote.RemoteWebDriver.execute(RemoteWebDriver.java:552)
	at org.openqa.selenium.remote.RemoteWebDriver.findElement(RemoteWebDriver.java:323)
	at org.openqa.selenium.remote.RemoteWebDriver.findElementById(RemoteWebDriver.java:372)
	at org.openqa.selenium.By$ById.findElement(By.java:188)
	at org.openqa.selenium.remote.RemoteWebDriver.findElement(RemoteWebDriver.java:315)
	at org.openqa.selenium.support.pagefactory.DefaultElementLocator.findElement(DefaultElementLocator.java:69)
	at org.openqa.selenium.support.pagefactory.internal.LocatingElementHandler.invoke(LocatingElementHandler.java:38)
	at com.sun.proxy.$Proxy22.isDisplayed(Unknown Source)
	at org.openqa.selenium.support.ui.ExpectedConditions.elementIfVisible(ExpectedConditions.java:314)
	at org.openqa.selenium.support.ui.ExpectedConditions.access$000(ExpectedConditions.java:43)
	at org.openqa.selenium.support.ui.ExpectedConditions$10.apply(ExpectedConditions.java:300)
	at org.openqa.selenium.support.ui.ExpectedConditions$10.apply(ExpectedConditions.java:297)
	at org.openqa.selenium.support.ui.ExpectedConditions$23.apply(ExpectedConditions.java:670)
	at org.openqa.selenium.support.ui.ExpectedConditions$23.apply(ExpectedConditions.java:666)
	at org.openqa.selenium.support.ui.FluentWait.until(FluentWait.java:249)
	at com.pw.publicLib.UIHandler_2.wait_until_clickable(UIHandler_2.java:1856)
	at com.pw.publicLib.UIHandler_2.valdiate_order_confirmation(UIHandler_2.java:1829)
	at com.pw.pw_screens.Add_sell_order.order_should_be_submitted(Add_sell_order.java:587)
	at sun.reflect.NativeMethodAccessorImpl.invoke0(Native Method)
	at sun.reflect.NativeMethodAccessorImpl.invoke(NativeMethodAccessorImpl.java:62)
	at sun.reflect.DelegatingMethodAccessorImpl.invoke(DelegatingMethodAccessorImpl.java:43)
	at java.lang.reflect.Method.invoke(Method.java:498)
	at cucumber.runtime.Utils$1.call(Utils.java:40)
	at cucumber.runtime.Timeout.timeout(Timeout.java:16)
	at cucumber.runtime.Utils.invoke(Utils.java:34)
	at cucumber.runtime.java.JavaStepDefinition.execute(JavaStepDefinition.java:38)
	at cucumber.runtime.StepDefinitionMatch.runStep(StepDefinitionMatch.java:37)
	at cucumber.runtime.Runtime.runStep(Runtime.java:300)
	at cucumber.runtime.model.StepContainer.runStep(StepContainer.java:44)
	at cucumber.runtime.model.StepContainer.runSteps(StepContainer.java:39)
	at cucumber.runtime.model.CucumberScenario.run(CucumberScenario.java:44)
	at cucumber.runtime.model.CucumberFeature.run(CucumberFeature.java:165)
	at cucumber.api.testng.TestNGCucumberRunner.runCucumber(TestNGCucumberRunner.java:63)
	at cucumber.api.testng.AbstractTestNGCucumberTests.feature(AbstractTestNGCucumberTests.java:21)
	at sun.reflect.NativeMethodAccessorImpl.invoke0(Native Method)
	at sun.reflect.NativeMethodAccessorImpl.invoke(NativeMethodAccessorImpl.java:62)
	at sun.reflect.DelegatingMethodAccessorImpl.invoke(DelegatingMethodAccessorImpl.java:43)
	at java.lang.reflect.Method.invoke(Method.java:498)
	at org.testng.internal.MethodInvocationHelper.invokeMethod(MethodInvocationHelper.java:124)
	at org.testng.internal.Invoker.invokeMethod(Invoker.java:583)
	at org.testng.internal.Invoker.invokeTestMethod(Invoker.java:719)
	at org.testng.internal.Invoker.invokeTestMethods(Invoker.java:989)
	at org.testng.internal.TestMethodWorker.invokeTestMethods(TestMethodWorker.java:125)
	at org.testng.internal.TestMethodWorker.run(TestMethodWorker.java:109)
	at org.testng.TestRunner.privateRun(TestRunner.java:648)
	at org.testng.TestRunner.run(TestRunner.java:505)
	at org.testng.SuiteRunner.runTest(SuiteRunner.java:455)
	at org.testng.SuiteRunner.runSequentially(SuiteRunner.java:450)
	at org.testng.SuiteRunner.privateRun(SuiteRunner.java:415)
	at org.testng.SuiteRunner.run(SuiteRunner.java:364)
	at org.testng.SuiteRunnerWorker.runSuite(SuiteRunnerWorker.java:52)
	at org.testng.SuiteRunnerWorker.run(SuiteRunnerWorker.java:84)
	at org.testng.TestNG.runSuitesSequentially(TestNG.java:1208)
	at org.testng.TestNG.runSuitesLocally(TestNG.java:1137)
	at org.testng.TestNG.runSuites(TestNG.java:1049)
	at org.testng.TestNG.run(TestNG.java:1017)
	at org.gradle.api.internal.tasks.testing.testng.TestNGTestClassProcessor.runTests(TestNGTestClassProcessor.java:140)
	at org.gradle.api.internal.tasks.testing.testng.TestNGTestClassProcessor.stop(TestNGTestClassProcessor.java:89)
	at org.gradle.api.internal.tasks.testing.SuiteTestClassProcessor.stop(SuiteTestClassProcessor.java:61)
	at sun.reflect.NativeMethodAccessorImpl.invoke0(Native Method)
	at sun.reflect.NativeMethodAccessorImpl.invoke(NativeMethodAccessorImpl.java:62)
	at sun.reflect.DelegatingMethodAccessorImpl.invoke(DelegatingMethodAccessorImpl.java:43)
	at java.lang.reflect.Method.invoke(Method.java:498)
	at org.gradle.internal.dispatch.ReflectionDispatch.dispatch(ReflectionDispatch.java:35)
	at org.gradle.internal.dispatch.ReflectionDispatch.dispatch(ReflectionDispatch.java:24)
	at org.gradle.internal.dispatch.ContextClassLoaderDispatch.dispatch(ContextClassLoaderDispatch.java:32)
	at org.gradle.internal.dispatch.ProxyDispatchAdapter$DispatchingInvocationHandler.invoke(ProxyDispatchAdapter.java:93)
	at com.sun.proxy.$Proxy2.stop(Unknown Source)
	at org.gradle.api.internal.tasks.testing.worker.TestWorker.stop(TestWorker.java:132)
	at sun.reflect.NativeMethodAccessorImpl.invoke0(Native Method)
	at sun.reflect.NativeMethodAccessorImpl.invoke(NativeMethodAccessorImpl.java:62)
	at sun.reflect.DelegatingMethodAccessorImpl.invoke(DelegatingMethodAccessorImpl.java:43)
	at java.lang.reflect.Method.invoke(Method.java:498)
	at org.gradle.internal.dispatch.ReflectionDispatch.dispatch(ReflectionDispatch.java:35)
	at org.gradle.internal.dispatch.ReflectionDispatch.dispatch(ReflectionDispatch.java:24)
	at org.gradle.internal.remote.internal.hub.MessageHubBackedObjectConnection$DispatchWrapper.dispatch(MessageHubBackedObjectConnection.java:175)
	at org.gradle.internal.remote.internal.hub.MessageHubBackedObjectConnection$DispatchWrapper.dispatch(MessageHubBackedObjectConnection.java:157)
	at org.gradle.internal.remote.internal.hub.MessageHub$Handler.run(MessageHub.java:404)
	at org.gradle.internal.concurrent.ExecutorPolicy$CatchAndRecordFailures.onExecute(ExecutorPolicy.java:63)
	at org.gradle.internal.concurrent.ManagedExecutorImpl$1.run(ManagedExecutorImpl.java:46)
	at java.util.concurrent.ThreadPoolExecutor.runWorker(ThreadPoolExecutor.java:1149)
	at java.util.concurrent.ThreadPoolExecutor$Worker.run(ThreadPoolExecutor.java:624)
	at org.gradle.internal.concurrent.ThreadFactoryImpl$ManagedThreadRunnable.run(ThreadFactoryImpl.java:55)
	at java.lang.Thread.run(Thread.java:748)
</failure>
  </testcase>
  <system-out><![CDATA[Feature: ADD Sell order side tray validation
chrome browser launched

  #This feature will validate the Add sell order side tray functionalities
  # @RegressionTest @SmokeTest
  Scenario: Validate the Place an order button on PV Screen for the portfolios which is up-to-date                                # Features/Side_tray_add_sell_order.feature:5
    Given user is on Hive DashBoard screen                                                                                        # Add_sell_order.user_is_on_Hive_DashBoard_screen()
    When user selects any portfolio from portfolio dropdown which is up-to-date                                                   # Add_sell_order.user_selects_any_portfolio_from_portfolio_dropdown_which_is_up_to_date()
    Then page should be navigated to selected Portfolio summary screen and ‘Place an Order’ button should be enabled on PV screen # Add_sell_order.page_should_be_navigated_to_selected_Portfolio_summary_screen_and_Place_an_Order_button_should_be_enabled_on_PV_screen()
print_valid_order_amount=>>>>25

  # @RegressionTest @SmokeTest
  Scenario: Validate the Place order side tray                                             # Features/Side_tray_add_sell_order.feature:11
    Given user is on Portfolio screen                                                      # Add_sell_order.user_is_on_Portfolio_screen()
    When the user clicks the ‘Place an order’ button                                       # Add_sell_order.the_user_clicks_the_Place_an_order_button()
    Then place order side tray should open                                                 # Add_sell_order.place_order_side_tray_should_open()
    And place order, portfolio dropdown should be pre-populated the selected portfolio tab # Add_sell_order.place_order_portfolio_dropdown_should_be_pre_populated_the_selected_portfolio_tab()

  # @RegressionTest @SmokeTest
  Scenario: Validate the search portfolio from side tray                                # Features/Side_tray_add_sell_order.feature:18
    Given user is on place an order side tray                                           # Add_sell_order.user_is_on_place_an_order_side_tray()
    When user clicks the portfolio dropdown in `place an order` side tray               # Add_sell_order.user_clicks_the_portfolio_dropdown_in_place_an_order_side_tray()
    Then user should be able to search different portfolios from the portfolio dropdown # Add_sell_order.user_should_be_able_to_search_different_portfolios_from_the_portfolio_dropdown()

  # @RegressionTest @SmokeTest
  Scenario: Validate the sell order screen                       # Features/Side_tray_add_sell_order.feature:24
    Given user is on place an order side tray                    # Add_sell_order.user_is_on_place_an_order_side_tray()
    When the user clicks the sell order button                   # Add_sell_order.the_user_clicks_the_sell_order_button()
    Then ‘Add a sell order’ extended side tray should be display # Add_sell_order.add_a_sell_order_extended_side_tray_should_be_display()

  # Validate sell Extended Side tray
  # @RegressionTest @SmokeTest
  Scenario: Validate the cancel button in extended side tray                                            # Features/Side_tray_add_sell_order.feature:31
    Given user is on ‘Add a sell order’ extended side tray                                              # Add_sell_order.user_is_on_Add_a_sell_order_extended_side_tray()
    When the user clicks the cancel button from the extended side tray                                  # Add_sell_order.the_user_clicks_the_cancel_button_from_the_extended_side_tray()
    Then extended side tray should be closed and the user should navigate back to place order side tray # Add_sell_order.extended_side_tray_should_be_closed_and_the_user_should_navigate_back_to_place_order_side_tray()

  # @RegressionTest @SmokeTest
  Scenario: Validate the portfolio holding searchbox                                             # Features/Side_tray_add_sell_order.feature:37
    Given user is on ‘Add a sell order’ extended side tray                                       # Add_sell_order.user_is_on_Add_a_sell_order_extended_side_tray()
    When user search for any portfolio holding using the searchbox                               # Add_sell_order.user_search_for_any_portfolio_holding_using_the_searchbox()
    Then user should get the result based on the search keyword and select the portfolio_holding # Add_sell_order.user_should_get_the_result_based_on_the_search_keyword_and_select_the_portfolio_holding()

  # @RegressionTest @SmokeTest
  Scenario: Validate the exit price                                                         # Features/Side_tray_add_sell_order.feature:43
    Given user is on ‘Add a sell order’ extended side tray                                  # Add_sell_order.user_is_on_Add_a_sell_order_extended_side_tray()
    When user finds the availble exit price of that portfolio holding on extended side tray # Add_sell_order.user_finds_the_availble_exit_price_of_that_portfolio_holding_on_extended_side_tray()
    Then available exit price for that unit should be displayed with est.label              # Add_sell_order.available_exit_price_for_that_unit_should_be_displayed_with_est_label()

  # @RegressionTest @SmokeTest
  Scenario: Validate the Order amount field on add sell order screen                                # Features/Side_tray_add_sell_order.feature:49
    Given user is on ‘Add a sell order’ extended side tray                                          # Add_sell_order.user_is_on_Add_a_sell_order_extended_side_tray()
    When the user clicks anywhere in the screen without entering anything on the order amount field # Add_sell_order.the_user_clicks_anywhere_in_the_screen_without_entering_anything_on_the_order_amount_filed()
    Then error message should be displayed under the order amount screen                            # Add_sell_order.error_message_should_be_displayed_under_the_order_amount_screen()

  # @RegressionTest @SmokeTest
  Scenario: Validate the order amount field validation                                                         # Features/Side_tray_add_sell_order.feature:55
    Given user is on ‘Add a sell order’ extended side tray                                                     # Add_sell_order.user_is_on_Add_a_sell_order_extended_side_tray()
    When the user enters the Special character and text values in the order amount text box                    # Add_sell_order.the_user_enters_the_Special_character_and_text_values_in_the_order_amount_text_box()
    Then user should not be allowed to enter the special character and text values into the order amount field # Add_sell_order.user_should_not_be_allowed_to_enter_the_special_character_and_text_values_into_the_order_amount_field()

  # @RegressionTest @SmokeTest
  Scenario: Validate the add button on the ‘add a sell order button’ # Features/Side_tray_add_sell_order.feature:61
    Given user is on ‘Add a sell order’ extended side tray           # Add_sell_order.user_is_on_Add_a_sell_order_extended_side_tray()
    When the user didn’t enter/select anything on the screen         # Add_sell_order.the_user_didn_t_enter_select_anything_on_the_screen()
    Then ‘Add’ button should be in disable mode                      # Add_sell_order.add_button_should_be_in_disable_mode()

  # @RegressionTest @SmokeTest
  Scenario: validate the maximum order amount                              # Features/Side_tray_add_sell_order.feature:67
    Given user is on ‘Add a sell order’ extended side tray                 # Add_sell_order.user_is_on_Add_a_sell_order_extended_side_tray()
    When the user enters more than available units                         # Add_sell_order.the_user_enters_more_than_available_units()
    Then error message should be displayed under the order amount text box # Add_sell_order.error_message_should_be_displayed_under_the_order_amount_text_box()

  # @RegressionTest @SmokeTest
  Scenario: validate order amount and available units are the same                    # Features/Side_tray_add_sell_order.feature:73
    Given user is on ‘Add a sell order’ extended side tray                            # Add_sell_order.user_is_on_Add_a_sell_order_extended_side_tray()
    When the user enter the enters the order amount which is equal to available units # Add_sell_order.the_user_enter_the_enters_the_order_amount_which_is_equal_to_available_units()
    Then user should get the 'Full redemption' message under the order value text box # Add_sell_order.user_should_get_the_Full_redemption_message_under_the_order_value_text_box()
The order value is:===>$24.78

  #	Scenario: validate the Minimum order amount
  #	Given user is on ‘Add a sell order’ extended side tray
  #	When the order value is less than the transaction fee
  #	Then user should not allow placing the order and error message should be displayed on the screen and +add or update button should be disabled
  #
  # @RegressionTest @SmokeTest
  Scenario: Validate the order value calculation                                                                         # Features/Side_tray_add_sell_order.feature:84
    Given user is on ‘Add a sell order’ extended side tray                                                               # Add_sell_order.user_is_on_Add_a_sell_order_extended_side_tray()
    When the user enters the order units                                                                                 # Add_sell_order.the_user_enters_the_order_units()
    Then order units should be multiplied with the exit price and the result should be subtracted with a transaction fee # Add_sell_order.order_units_should_be_multiplied_with_the_exit_price_and_the_result_should_be_subtracted_with_a_transaction_fee()
    And Final calculated value should be displayed as order value est with 2 decimal places                              # Add_sell_order.final_calculated_value_should_be_display_as_order_value_est_with_decimal_places(int)

  # @RegressionTest @SmokeTest
  Scenario: Validate the Advice given ’No’ radio button    # Features/Side_tray_add_sell_order.feature:91
    Given user is on ‘Add a sell order’ extended side tray # Add_sell_order.user_is_on_Add_a_sell_order_extended_side_tray()
    When user select the ’No’ option                       # Add_sell_order.user_select_the_No_option()
    Then 'Advice given' details should not be displayed    # Add_sell_order.advice_given_details_should_not_be_displayed()
26/12/2019

  # @RegressionTest @SmokeTest
  Scenario: validate the Advice given ‘Yes’ radio button                                                      # Features/Side_tray_add_sell_order.feature:97
    Given user is on ‘Add a sell order’ extended side tray                                                    # Add_sell_order.user_is_on_Add_a_sell_order_extended_side_tray()
    When user select the ’Yes’ option                                                                         # Add_sell_order.user_select_the_Yes_option()
    Then advice reason, date, summary and advice method fields should be display under the advice given label # Add_sell_order.advice_reason_date_summary_and_advice_method_fields_should_be_display_under_the_advice_given_label()
    And Date field should have todays's field as default                                                      # Add_sell_order.date_field_should_have_todays_s_field_as_default()
    And add button should be enabled                                                                          # Add_sell_order.add_button_should_be_enabled()
Portfolio holding is===>SMALLCO BROADCAP (ASC0003AU)
Ordername is:===>SMALLCO BROADCAP (ASC0003AU)

  #	# @RegressionTest @SmokeTest
  #	Scenario: Validate the disclaimer footer message
  #	Given user is on ‘Add a sell order’ extended side tray
  #	When the user selects the disclaimer footer message checkbox along with complete all the mandatory fields
  #	Then add button should be enabled
  #	Draft order scenarios
  # @RegressionTest @SmokeTest
  Scenario: Validate the draft order page                                                       # Features/Side_tray_add_sell_order.feature:114
    Given user is on ‘Add a sell order’ extended side tray                                      # Add_sell_order.user_is_on_Add_a_sell_order_extended_side_tray()
    When the user clicks the add button from Add a sell order extended side tray                # Add_sell_order.the_user_clicks_the_add_button_from_Add_a_sell_order_extended_side_tray()
    Then order should be saved as draft order and should be displayed on the place order screen # Add_sell_order.order_should_be_saved_as_draft_order_and_should_be_displayed_on_the_place_order_screen()

  # @RegressionTest @SmokeTest
  Scenario: Validate the draft order                                                             # Features/Side_tray_add_sell_order.feature:120
    Given user is on the draft order screen                                                      # Add_sell_order.user_is_on_the_draft_order_screen()
    When user click the available draft order                                                    # Add_sell_order.user_click_the_available_draft_order()
    Then add sell order extended side tray should open and user should be able to edit the order # Add_sell_order.add_sell_order_extended_side_tray_should_open_and_user_should_be_able_to_edit_the_order()
Portfolio holding is===>SMALLCO BROADCAP (ASC0003AU)
Ordername is:===>SMALLCO BROADCAP (ASC0003AU)
Order_value is:===>(est.) $115.33
Rearranged order value is===>115.33

  # @RegressionTest @SmokeTest
  Scenario: validate the edit order                                        # Features/Side_tray_add_sell_order.feature:126
    Given user is on the edit order screen                                 # Add_sell_order.user_is_on_the_edit_order_screen()
    When user changes the different asset or order value                   # Add_sell_order.user_changes_the_different_asset_or_order_value()
    And click the update button                                            # Add_sell_order.click_the_update_button()
    Then updated new changes should be displayed in the draft order screen # Add_sell_order.updated_new_changes_should_be_displayed_in_the_draft_order_screen()
Portfolio holding is===>TALARIA GLOBAL EQUITY (AUS0035AU)
Second draft order is===>TALARIA GLOBAL EQUITY (AUS0035AU)
Portfolio holding is===>TALARIA GLOBAL EQUITY (AUS0035AU)

  # @RegressionTest @SmokeTest
  Scenario: Validate the multiple orders                                                           # Features/Side_tray_add_sell_order.feature:133
    Given user is on the draft order screen                                                        # Add_sell_order.user_is_on_the_draft_order_screen()
    When the user clicks the sell button and places the another order                              # Add_sell_order.the_user_clicks_the_sell_button_and_places_the_another_order()
    Then newly placed order should be displayed under the previous order on the draft order screen # Add_sell_order.newly_placed_order_should_be_displayed_under_the_previous_order_on_the_draft_order_screen()

  # @RegressionTest @SmokeTest
  Scenario: validate the close order button                            # Features/Side_tray_add_sell_order.feature:139
    Given user is on the draft order screen                            # Add_sell_order.user_is_on_the_draft_order_screen()
    When user clicks the close button for any draft order card         # Add_sell_order.user_clicks_the_close_button_for_any_draft_order_card()
    Then confirmation pop-up message should be displayed on the screen # Add_sell_order.confirmation_pop_up_message_should_be_displayed_on_the_screen()

  # @RegressionTest @SmokeTest
  Scenario: Validate the Go back button on the confirmation popup                                # Features/Side_tray_add_sell_order.feature:145
    Given user is can able to view the confirmation pop-up for close order                       # Add_sell_order.user_is_can_able_to_view_the_confirmation_pop_up_for_close_order()
    When the user clicks the Go back button                                                      # Add_sell_order.the_user_clicks_the_Go_back_button()
    Then that order should not be closed and order should be displayed on the draft order screen # Add_sell_order.that_order_should_not_be_closed_and_order_should_be_displayed_on_the_draft_order_screen()

  # @RegressionTest @SmokeTest
  Scenario: Validate the cancel order button on the confirmation popup             # Features/Side_tray_add_sell_order.feature:151
    Given user is can able to view the confirmation popup for close order          # Add_sell_order.user_is_can_able_to_view_the_confirmation_popup_for_close_order()
    When the user clicks the cancel order button                                   # Add_sell_order.the_user_clicks_the_cancel_order_button()
    Then that particular order should be get disappear from the draft order screen # Add_sell_order.that_particular_order_should_be_get_disappear_from_the_draft_order_screen()
Print the order deatails ==>(est.) $115.33

  #Preview Order screen scenarios
  # @RegressionTest @SmokeTest
  Scenario: validate the preview screen                                                                     # Features/Side_tray_add_sell_order.feature:159
    Given user is on the draft order screen                                                                 # Add_sell_order.user_is_on_the_draft_order_screen()
    When the user clicks the preview button from the draft order screen                                     # Add_sell_order.the_user_clicks_the_preview_button_from_the_draft_order_screen()
    Then User should navigate to the preview order screen                                                   # Add_sell_order.user_should_navigate_to_the_preview_order_screen()
    And transaction summary value on preview order screen and addition of draft orders value should be same # Add_sell_order.transaction_summary_value_on_preview_order_screen_and_addition_of_draft_orders_value_should_be_same()
Print_after_units======>-0.08% 90,143.7000 units
Rearranged after units===>-0.08% 90143.7000 units
print_after_units======>90143.7
Before asset name ======>SMALLCO BROADCAP
After asset name ======>SMALLCO BROADCAP

  # @RegressionTest @SmokeTest
  Scenario: Validate the Preview order screen                                                     # Features/Side_tray_add_sell_order.feature:166
    Given user is on the preview order screen                                                     # Add_sell_order.user_is_on_the_preview_order_screen()
    When the user finds before and after portfolio impact of the available units                  # Add_sell_order.the_user_finds_before_and_after_portfolio_impact_of_the_available_units()
    Then available units should be reduced based on the order units for that Asset type           # Add_sell_order.available_units_should_be_reduced_based_on_the_order_units_for_that_Asset_type()
    And Asset name and asset code should be displayed under the before and after impacts of Units # Add_sell_order.asset_name_and_asset_code_should_be_displayed_under_the_before_and_after_impacts_of_Units()

  # @RegressionTest @SmokeTest
  Scenario: Validate the back button on preview order screen # Features/Side_tray_add_sell_order.feature:173
    Given user is on the preview order screen                # Add_sell_order.user_is_on_the_preview_order_screen()
    When user clicks the back button                         # Add_sell_order.user_clicks_the_back_button()
    Then User should be navigated to the order draft screen  # Add_sell_order.user_should_be_navigated_to_the_order_draft_screen()

  # @RegressionTest @SmokeTest
  Scenario: Validate the Confirm order button                           # Features/Side_tray_add_sell_order.feature:179
    Given user is on the draft order screen                             # Add_sell_order.user_is_on_the_draft_order_screen()
    When the user clicks the preview button from the draft order screen # Add_sell_order.the_user_clicks_the_preview_button_from_the_draft_order_screen()
    And the user didn’t select the disclaimer checkbox                  # Add_sell_order.the_user_didn_t_select_the_disclaimer_checkbox()
    Then Confirm order button should be in disable mode                 # Add_sell_order.confirm_order_button_should_be_in_disable_mode()

  # @RegressionTest @SmokeTest
  Scenario: Validate the disclaimer acknowledgement pop-up                    # Features/Side_tray_add_sell_order.feature:186
    Given user is on the preview order screen                                 # Add_sell_order.user_is_on_the_preview_order_screen()
    When user clicks the disclaimer link from the preview order screen footer # Add_sell_order.user_clicks_the_disclaimer_link_from_the_preview_order_screen_footer()
    Then Disclaimer popup should be display                                   # Add_sell_order.Disclaimer_popup_should_be_display()

  # @RegressionTest @SmokeTest
  Scenario: validate the disclaimer checkbox    # Features/Side_tray_add_sell_order.feature:192
    Given user is on the preview order screen   # Add_sell_order.user_is_on_the_preview_order_screen()
    When User selects the disclaimer checkbox   # Add_sell_order.user_selects_the_disclaimer_checkbox()
    Then Order Confirm button should be enabled # Add_sell_order.order_Confirm_button_should_be_enabled()

  # @RegressionTest @SmokeTest
  Scenario: Validate the order confirmation button                                              # Features/Side_tray_add_sell_order.feature:198
    Given user is on the preview order screen                                                   # Add_sell_order.user_is_on_the_preview_order_screen()
    When User click the order confirm button after selecting all the mandatory fields           # Add_sell_order.user_click_the_order_confirm_button_after_selecting_all_the_mandatory_fields()
    Then Order should be submitted                                                              # Add_sell_order.order_should_be_submitted()
      org.openqa.selenium.TimeoutException: Expected condition failed: waiting for element to be clickable: Proxy element for: DefaultElementLocator 'By.id: confirm-order-container' (tried for 120 second(s) with 500 milliseconds interval)
      	at org.openqa.selenium.support.ui.WebDriverWait.timeoutException(WebDriverWait.java:95)
      	at org.openqa.selenium.support.ui.FluentWait.until(FluentWait.java:272)
      	at com.pw.publicLib.UIHandler_2.wait_until_clickable(UIHandler_2.java:1856)
      	at com.pw.publicLib.UIHandler_2.valdiate_order_confirmation(UIHandler_2.java:1829)
      	at com.pw.pw_screens.Add_sell_order.order_should_be_submitted(Add_sell_order.java:587)
      	at ✽.Then Order should be submitted(Features/Side_tray_add_sell_order.feature:201)
      Caused by: org.openqa.selenium.NoSuchElementException: no such element: Unable to locate element: {"method":"id","selector":"confirm-order-container"}
        (Session info: chrome=72.0.3626.81)
        (Driver info: chromedriver=2.46.628388 (4a34a70827ac54148e092aafb70504c4ea7ae926),platform=Linux 4.15.0-66-generic x86_64) (WARNING: The server did not provide any stacktrace information)
      Command duration or timeout: 0 milliseconds
      For documentation on this error, please visit: https://www.seleniumhq.org/exceptions/no_such_element.html
      Build info: version: '3.141.59', revision: 'e82be7d358', time: '2018-11-14T08:17:03'
      System info: host: 'parvatha-varthni', ip: '192.168.43.4', os.name: 'Linux', os.arch: 'amd64', os.version: '4.15.0-66-generic', java.version: '1.8.0_222'
      Driver info: org.openqa.selenium.chrome.ChromeDriver
      Capabilities {acceptInsecureCerts: false, acceptSslCerts: false, applicationCacheEnabled: false, browserConnectionEnabled: false, browserName: chrome, chrome: {chromedriverVersion: 2.46.628388 (4a34a70827ac54..., userDataDir: /tmp/.org.chromium.Chromium...}, cssSelectorsEnabled: true, databaseEnabled: false, goog:chromeOptions: {debuggerAddress: localhost:39059}, handlesAlerts: true, hasTouchScreen: false, javascriptEnabled: true, locationContextEnabled: true, mobileEmulationEnabled: false, nativeEvents: true, networkConnectionEnabled: false, pageLoadStrategy: normal, platform: LINUX, platformName: LINUX, proxy: Proxy(), rotatable: false, setWindowRect: true, strictFileInteractability: false, takesHeapSnapshot: true, takesScreenshot: true, timeouts: {implicit: 0, pageLoad: 300000, script: 30000}, unexpectedAlertBehaviour: ignore, unhandledPromptBehavior: ignore, version: 72.0.3626.81, webStorageEnabled: true}
      Session ID: ffa481387124486a588d5f0b7337d50b
      *** Element info: {Using=id, value=confirm-order-container}
      	at sun.reflect.GeneratedConstructorAccessor17.newInstance(Unknown Source)
      	at sun.reflect.DelegatingConstructorAccessorImpl.newInstance(DelegatingConstructorAccessorImpl.java:45)
      	at java.lang.reflect.Constructor.newInstance(Constructor.java:423)
      	at org.openqa.selenium.remote.ErrorHandler.createThrowable(ErrorHandler.java:214)
      	at org.openqa.selenium.remote.ErrorHandler.throwIfResponseFailed(ErrorHandler.java:166)
      	at org.openqa.selenium.remote.http.JsonHttpResponseCodec.reconstructValue(JsonHttpResponseCodec.java:40)
      	at org.openqa.selenium.remote.http.AbstractHttpResponseCodec.decode(AbstractHttpResponseCodec.java:80)
      	at org.openqa.selenium.remote.http.AbstractHttpResponseCodec.decode(AbstractHttpResponseCodec.java:44)
      	at org.openqa.selenium.remote.HttpCommandExecutor.execute(HttpCommandExecutor.java:158)
      	at org.openqa.selenium.remote.service.DriverCommandExecutor.execute(DriverCommandExecutor.java:83)
      	at org.openqa.selenium.remote.RemoteWebDriver.execute(RemoteWebDriver.java:552)
      	at org.openqa.selenium.remote.RemoteWebDriver.findElement(RemoteWebDriver.java:323)
      	at org.openqa.selenium.remote.RemoteWebDriver.findElementById(RemoteWebDriver.java:372)
      	at org.openqa.selenium.By$ById.findElement(By.java:188)
      	at org.openqa.selenium.remote.RemoteWebDriver.findElement(RemoteWebDriver.java:315)
      	at org.openqa.selenium.support.pagefactory.DefaultElementLocator.findElement(DefaultElementLocator.java:69)
      	at org.openqa.selenium.support.pagefactory.internal.LocatingElementHandler.invoke(LocatingElementHandler.java:38)
      	at com.sun.proxy.$Proxy22.isDisplayed(Unknown Source)
      	at org.openqa.selenium.support.ui.ExpectedConditions.elementIfVisible(ExpectedConditions.java:314)
      	at org.openqa.selenium.support.ui.ExpectedConditions.access$000(ExpectedConditions.java:43)
      	at org.openqa.selenium.support.ui.ExpectedConditions$10.apply(ExpectedConditions.java:300)
      	at org.openqa.selenium.support.ui.ExpectedConditions$10.apply(ExpectedConditions.java:297)
      	at org.openqa.selenium.support.ui.ExpectedConditions$23.apply(ExpectedConditions.java:670)
      	at org.openqa.selenium.support.ui.ExpectedConditions$23.apply(ExpectedConditions.java:666)
      	at org.openqa.selenium.support.ui.FluentWait.until(FluentWait.java:249)
      	at com.pw.publicLib.UIHandler_2.wait_until_clickable(UIHandler_2.java:1856)
      	at com.pw.publicLib.UIHandler_2.valdiate_order_confirmation(UIHandler_2.java:1829)
      	at com.pw.pw_screens.Add_sell_order.order_should_be_submitted(Add_sell_order.java:587)
      	at sun.reflect.NativeMethodAccessorImpl.invoke0(Native Method)
      	at sun.reflect.NativeMethodAccessorImpl.invoke(NativeMethodAccessorImpl.java:62)
      	at sun.reflect.DelegatingMethodAccessorImpl.invoke(DelegatingMethodAccessorImpl.java:43)
      	at java.lang.reflect.Method.invoke(Method.java:498)
      	at cucumber.runtime.Utils$1.call(Utils.java:40)
      	at cucumber.runtime.Timeout.timeout(Timeout.java:16)
      	at cucumber.runtime.Utils.invoke(Utils.java:34)
      	at cucumber.runtime.java.JavaStepDefinition.execute(JavaStepDefinition.java:38)
      	at cucumber.runtime.StepDefinitionMatch.runStep(StepDefinitionMatch.java:37)
      	at cucumber.runtime.Runtime.runStep(Runtime.java:300)
      	at cucumber.runtime.model.StepContainer.runStep(StepContainer.java:44)
      	at cucumber.runtime.model.StepContainer.runSteps(StepContainer.java:39)
      	at cucumber.runtime.model.CucumberScenario.run(CucumberScenario.java:44)
      	at cucumber.runtime.model.CucumberFeature.run(CucumberFeature.java:165)
      	at cucumber.api.testng.TestNGCucumberRunner.runCucumber(TestNGCucumberRunner.java:63)
      	at cucumber.api.testng.AbstractTestNGCucumberTests.feature(AbstractTestNGCucumberTests.java:21)
      	at sun.reflect.NativeMethodAccessorImpl.invoke0(Native Method)
      	at sun.reflect.NativeMethodAccessorImpl.invoke(NativeMethodAccessorImpl.java:62)
      	at sun.reflect.DelegatingMethodAccessorImpl.invoke(DelegatingMethodAccessorImpl.java:43)
      	at java.lang.reflect.Method.invoke(Method.java:498)
      	at org.testng.internal.MethodInvocationHelper.invokeMethod(MethodInvocationHelper.java:124)
      	at org.testng.internal.Invoker.invokeMethod(Invoker.java:583)
      	at org.testng.internal.Invoker.invokeTestMethod(Invoker.java:719)
      	at org.testng.internal.Invoker.invokeTestMethods(Invoker.java:989)
      	at org.testng.internal.TestMethodWorker.invokeTestMethods(TestMethodWorker.java:125)
      	at org.testng.internal.TestMethodWorker.run(TestMethodWorker.java:109)
      	at org.testng.TestRunner.privateRun(TestRunner.java:648)
      	at org.testng.TestRunner.run(TestRunner.java:505)
      	at org.testng.SuiteRunner.runTest(SuiteRunner.java:455)
      	at org.testng.SuiteRunner.runSequentially(SuiteRunner.java:450)
      	at org.testng.SuiteRunner.privateRun(SuiteRunner.java:415)
      	at org.testng.SuiteRunner.run(SuiteRunner.java:364)
      	at org.testng.SuiteRunnerWorker.runSuite(SuiteRunnerWorker.java:52)
      	at org.testng.SuiteRunnerWorker.run(SuiteRunnerWorker.java:84)
      	at org.testng.TestNG.runSuitesSequentially(TestNG.java:1208)
      	at org.testng.TestNG.runSuitesLocally(TestNG.java:1137)
      	at org.testng.TestNG.runSuites(TestNG.java:1049)
      	at org.testng.TestNG.run(TestNG.java:1017)
      	at org.gradle.api.internal.tasks.testing.testng.TestNGTestClassProcessor.runTests(TestNGTestClassProcessor.java:140)
      	at org.gradle.api.internal.tasks.testing.testng.TestNGTestClassProcessor.stop(TestNGTestClassProcessor.java:89)
      	at org.gradle.api.internal.tasks.testing.SuiteTestClassProcessor.stop(SuiteTestClassProcessor.java:61)
      	at sun.reflect.NativeMethodAccessorImpl.invoke0(Native Method)
      	at sun.reflect.NativeMethodAccessorImpl.invoke(NativeMethodAccessorImpl.java:62)
      	at sun.reflect.DelegatingMethodAccessorImpl.invoke(DelegatingMethodAccessorImpl.java:43)
      	at java.lang.reflect.Method.invoke(Method.java:498)
      	at org.gradle.internal.dispatch.ReflectionDispatch.dispatch(ReflectionDispatch.java:35)
      	at org.gradle.internal.dispatch.ReflectionDispatch.dispatch(ReflectionDispatch.java:24)
      	at org.gradle.internal.dispatch.ContextClassLoaderDispatch.dispatch(ContextClassLoaderDispatch.java:32)
      	at org.gradle.internal.dispatch.ProxyDispatchAdapter$DispatchingInvocationHandler.invoke(ProxyDispatchAdapter.java:93)
      	at com.sun.proxy.$Proxy2.stop(Unknown Source)
      	at org.gradle.api.internal.tasks.testing.worker.TestWorker.stop(TestWorker.java:132)
      	at sun.reflect.NativeMethodAccessorImpl.invoke0(Native Method)
      	at sun.reflect.NativeMethodAccessorImpl.invoke(NativeMethodAccessorImpl.java:62)
      	at sun.reflect.DelegatingMethodAccessorImpl.invoke(DelegatingMethodAccessorImpl.java:43)
      	at java.lang.reflect.Method.invoke(Method.java:498)
      	at org.gradle.internal.dispatch.ReflectionDispatch.dispatch(ReflectionDispatch.java:35)
      	at org.gradle.internal.dispatch.ReflectionDispatch.dispatch(ReflectionDispatch.java:24)
      	at org.gradle.internal.remote.internal.hub.MessageHubBackedObjectConnection$DispatchWrapper.dispatch(MessageHubBackedObjectConnection.java:175)
      	at org.gradle.internal.remote.internal.hub.MessageHubBackedObjectConnection$DispatchWrapper.dispatch(MessageHubBackedObjectConnection.java:157)
      	at org.gradle.internal.remote.internal.hub.MessageHub$Handler.run(MessageHub.java:404)
      	at org.gradle.internal.concurrent.ExecutorPolicy$CatchAndRecordFailures.onExecute(ExecutorPolicy.java:63)
      	at org.gradle.internal.concurrent.ManagedExecutorImpl$1.run(ManagedExecutorImpl.java:46)
      	at java.util.concurrent.ThreadPoolExecutor.runWorker(ThreadPoolExecutor.java:1149)
      	at java.util.concurrent.ThreadPoolExecutor$Worker.run(ThreadPoolExecutor.java:624)
      	at org.gradle.internal.concurrent.ThreadFactoryImpl$ManagedThreadRunnable.run(ThreadFactoryImpl.java:55)
      	at java.lang.Thread.run(Thread.java:748)

    And unique reference number should be generated for each order on order confirmation screen # Add_sell_order.unique_reference_number_should_be_generated_for_each_order_on_order_confirmation_screen()
]]></system-out>
  <system-err><![CDATA[Starting ChromeDriver 2.46.628388 (4a34a70827ac54148e092aafb70504c4ea7ae926) on port 21854
Only local connections are allowed.
Please protect ports used by ChromeDriver and related test frameworks to prevent access by malicious code.
Dec 26, 2019 12:06:04 PM org.openqa.selenium.remote.ProtocolHandshake createSession
INFO: Detected dialect: OSS
]]></system-err>
</testsuite>
